mex(...
'-c', ...
'c:\users\venqo\desktop\speedgoat\applications\trike_03\CANOpenSlave.c', ...
'C:\Users\Venqo\Desktop\SpeedGoat\Applications\Trike_03\slprj\_slcc\TRMAdBr53xifIKEqZt6BbE\slcc_interface_TRMAdBr53xifIKEqZt6BbE.c', ...
'C:\Users\Venqo\Desktop\SpeedGoat\Applications\Trike_03\slprj\_slcc\TRMAdBr53xifIKEqZt6BbE\customcode_TRMAdBr53xifIKEqZt6BbE.c', ...
'-silent', ...
'-largeArrayDims', ...
'-f', ...
'C:\Users\Venqo\AppData\Roaming\MathWorks\MATLAB\R2018b\mex_C_win64.xml', ...
'CMDLINE300=', ...
'LDEXT=".dll"', ...
'LINKEXPORT=', ...
'LINKEXPORTVER=', ...
'-Ie:\program files\matlab\r2018b\extern\include', ...
'-Ie:\program files\matlab\r2018b\simulink\include', ...
'-Ic:\users\venqo\desktop\speedgoat\applications\trike_03\slprj\_slcc\trmadbr53xifikeqzt6bbe', ...
'-Ic:\users\venqo\desktop\speedgoat\applications\trike_03', ...
'COMPFLAGS=$COMPFLAGS ');
mex(...
'CANOpenSlave.obj', ...
'slcc_interface_TRMAdBr53xifIKEqZt6BbE.obj', ...
'customcode_TRMAdBr53xifIKEqZt6BbE.obj', ...
'-silent', ...
'-largeArrayDims', ...
'-f', ...
'C:\Users\Venqo\AppData\Roaming\MathWorks\MATLAB\R2018b\mex_C_win64.xml', ...
'CMDLINE300=', ...
'LDEXT=".dll"', ...
'LINKEXPORT=', ...
'LINKEXPORTVER=', ...
'-Ie:\program files\matlab\r2018b\extern\include', ...
'-Ie:\program files\matlab\r2018b\simulink\include', ...
'-Ic:\users\venqo\desktop\speedgoat\applications\trike_03\slprj\_slcc\trmadbr53xifikeqzt6bbe', ...
'-Ic:\users\venqo\desktop\speedgoat\applications\trike_03', ...
'COMPFLAGS=$COMPFLAGS ', ...
'LINKFLAGS=$LINKFLAGS /IMPLIB:TRMAdBr53xifIKEqZt6BbE_cclib.lib /DEF:TRMAdBr53xifIKEqZt6BbE_cclib.def /LIBPATH:"E:\Program Files\MATLAB\R2018b\extern\lib\win64\microsoft" libmwsl_sfcn_cov_bridge.lib', ...
'-output', ...
'TRMAdBr53xifIKEqZt6BbE_cclib');
