mex(...
'-c', ...
'C:\Users\Venqo\Desktop\SpeedGoat\Applications\Trike_git\Trike_SpeedGoat_algo\slprj\_slcc\P8dqyFAtJXM1YDSMrpNtpB\slcc_instrum1_P8dqyFAtJXM1YDSMrpNtpB_cclib.c', ...
'C:\Users\Venqo\Desktop\SpeedGoat\Applications\Trike_git\Trike_SpeedGoat_algo\slprj\_slcc\P8dqyFAtJXM1YDSMrpNtpB\slcc_instrum2_P8dqyFAtJXM1YDSMrpNtpB_cclib.c', ...
'C:\Users\Venqo\Desktop\SpeedGoat\Applications\Trike_git\Trike_SpeedGoat_algo\slprj\_slcc\P8dqyFAtJXM1YDSMrpNtpB\slcc_interface_P8dqyFAtJXM1YDSMrpNtpB.c', ...
'C:\Users\Venqo\Desktop\SpeedGoat\Applications\Trike_git\Trike_SpeedGoat_algo\slprj\_slcc\P8dqyFAtJXM1YDSMrpNtpB\slcc_instrum3_P8dqyFAtJXM1YDSMrpNtpB_cclib.c', ...
'C:\Users\Venqo\Desktop\SpeedGoat\Applications\Trike_git\Trike_SpeedGoat_algo\slprj\_slcc\P8dqyFAtJXM1YDSMrpNtpB\slcc_instrumtr_P8dqyFAtJXM1YDSMrpNtpB_cclib.c', ...
'-silent', ...
'-largeArrayDims', ...
'-f', ...
'C:\Users\Venqo\AppData\Roaming\MathWorks\MATLAB\R2018b\mex_C_win64.xml', ...
'CMDLINE300=', ...
'LDEXT=".dll"', ...
'LINKEXPORT=', ...
'LINKEXPORTVER=', ...
'-Ie:\program files\matlab\r2018b\extern\include', ...
'-Ie:\program files\matlab\r2018b\simulink\include', ...
'-Ic:\users\venqo\desktop\speedgoat\applications\trike_git\trike_speedgoat_algo\slprj\_slcc\p8dqyfatjxm1ydsmrpntpb', ...
'-Ic:\users\venqo\desktop\speedgoat\applications\trike_git\trike_speedgoat_algo', ...
'COMPFLAGS=$COMPFLAGS ');
mex(...
'slcc_instrum1_P8dqyFAtJXM1YDSMrpNtpB_cclib.obj', ...
'slcc_instrum2_P8dqyFAtJXM1YDSMrpNtpB_cclib.obj', ...
'slcc_interface_P8dqyFAtJXM1YDSMrpNtpB.obj', ...
'slcc_instrum3_P8dqyFAtJXM1YDSMrpNtpB_cclib.obj', ...
'slcc_instrumtr_P8dqyFAtJXM1YDSMrpNtpB_cclib.obj', ...
'-silent', ...
'-largeArrayDims', ...
'-f', ...
'C:\Users\Venqo\AppData\Roaming\MathWorks\MATLAB\R2018b\mex_C_win64.xml', ...
'CMDLINE300=', ...
'LDEXT=".dll"', ...
'LINKEXPORT=', ...
'LINKEXPORTVER=', ...
'-Ie:\program files\matlab\r2018b\extern\include', ...
'-Ie:\program files\matlab\r2018b\simulink\include', ...
'-Ic:\users\venqo\desktop\speedgoat\applications\trike_git\trike_speedgoat_algo\slprj\_slcc\p8dqyfatjxm1ydsmrpntpb', ...
'-Ic:\users\venqo\desktop\speedgoat\applications\trike_git\trike_speedgoat_algo', ...
'COMPFLAGS=$COMPFLAGS ', ...
'LINKFLAGS=$LINKFLAGS /IMPLIB:P8dqyFAtJXM1YDSMrpNtpB_cclib.lib /DEF:P8dqyFAtJXM1YDSMrpNtpB_cclib.def /LIBPATH:"E:\Program Files\MATLAB\R2018b\extern\lib\win64\microsoft" libmwsl_sfcn_cov_bridge.lib  "E:\Program Files\MATLAB\R2018b\extern\lib\win64\microsoft\libmwsl_sfcn_cov_bridge.lib" ', ...
'-output', ...
'P8dqyFAtJXM1YDSMrpNtpB_cclib');
