mex(...
'-c', ...
'E:\W\T\Trike_SpeedGoat_algo\slprj\_slcc\YniSwGxVGDuH0o55vVoK7E\slcc_instrum1_YniSwGxVGDuH0o55vVoK7E_cclib.c', ...
'E:\W\T\Trike_SpeedGoat_algo\slprj\_slcc\YniSwGxVGDuH0o55vVoK7E\slcc_interface_YniSwGxVGDuH0o55vVoK7E.c', ...
'E:\W\T\Trike_SpeedGoat_algo\slprj\_slcc\YniSwGxVGDuH0o55vVoK7E\slcc_instrum2_YniSwGxVGDuH0o55vVoK7E_cclib.c', ...
'E:\W\T\Trike_SpeedGoat_algo\slprj\_slcc\YniSwGxVGDuH0o55vVoK7E\slcc_instrumtr_YniSwGxVGDuH0o55vVoK7E_cclib.c', ...
'-silent', ...
'-largeArrayDims', ...
'-f', ...
'C:\LegacyApp\Matlab18b\R2018b\bin\win64\mexopts\mingw64.xml', ...
'LDEXT=".dll"', ...
'LINKEXPORT=', ...
'LINKEXPORTVER=', ...
'-Ic:\legacyapp\matlab18b\r2018b\extern\include', ...
'-Ic:\legacyapp\matlab18b\r2018b\simulink\include', ...
'-Ie:\w\t\trike_speedgoat_algo\slprj\_slcc\yniswgxvgduh0o55vvok7e', ...
'-Ie:\w\t\trike_speedgoat_algo', ...
'CFLAGS=$CFLAGS  -fvisibility=hidden');
mex(...
'slcc_instrum1_YniSwGxVGDuH0o55vVoK7E_cclib.obj', ...
'slcc_interface_YniSwGxVGDuH0o55vVoK7E.obj', ...
'slcc_instrum2_YniSwGxVGDuH0o55vVoK7E_cclib.obj', ...
'slcc_instrumtr_YniSwGxVGDuH0o55vVoK7E_cclib.obj', ...
'-silent', ...
'-largeArrayDims', ...
'-f', ...
'C:\LegacyApp\Matlab18b\R2018b\bin\win64\mexopts\mingw64.xml', ...
'LDEXT=".dll"', ...
'LINKEXPORT=', ...
'LINKEXPORTVER=', ...
'-Ic:\legacyapp\matlab18b\r2018b\extern\include', ...
'-Ic:\legacyapp\matlab18b\r2018b\simulink\include', ...
'-Ie:\w\t\trike_speedgoat_algo\slprj\_slcc\yniswgxvgduh0o55vvok7e', ...
'-Ie:\w\t\trike_speedgoat_algo', ...
'CFLAGS=$CFLAGS  -fvisibility=hidden', ...
'LDFLAGS=$LDFLAGS "C:\LegacyApp\Matlab18b\R2018b\extern\lib\win64\mingw64\libmwsl_sfcn_cov_bridge.lib" -Wl,--output-def,YniSwGxVGDuH0o55vVoK7E_cclib.def,--out-implib,YniSwGxVGDuH0o55vVoK7E_cclib.lib -Wl,--whole-archive "C:\LegacyApp\Matlab18b\R2018b\extern\lib\win64\mingw64\libmwsl_sfcn_cov_bridge.lib" -Wl,-no-whole-archive', ...
'-output', ...
'YniSwGxVGDuH0o55vVoK7E_cclib');
