mex(...
'-c', ...
'C:\Users\Venqo\Desktop\SpeedGoat\Applications\Trike_git\Trike_SpeedGoat_algo\slprj\_slcc\RntCWIQhSBMk0JpdeDcPVE\slcc_instrum1_RntCWIQhSBMk0JpdeDcPVE_cclib.c', ...
'C:\Users\Venqo\Desktop\SpeedGoat\Applications\Trike_git\Trike_SpeedGoat_algo\slprj\_slcc\RntCWIQhSBMk0JpdeDcPVE\slcc_instrum2_RntCWIQhSBMk0JpdeDcPVE_cclib.c', ...
'C:\Users\Venqo\Desktop\SpeedGoat\Applications\Trike_git\Trike_SpeedGoat_algo\slprj\_slcc\RntCWIQhSBMk0JpdeDcPVE\slcc_interface_RntCWIQhSBMk0JpdeDcPVE.c', ...
'C:\Users\Venqo\Desktop\SpeedGoat\Applications\Trike_git\Trike_SpeedGoat_algo\slprj\_slcc\RntCWIQhSBMk0JpdeDcPVE\slcc_instrum3_RntCWIQhSBMk0JpdeDcPVE_cclib.c', ...
'C:\Users\Venqo\Desktop\SpeedGoat\Applications\Trike_git\Trike_SpeedGoat_algo\slprj\_slcc\RntCWIQhSBMk0JpdeDcPVE\slcc_instrumtr_RntCWIQhSBMk0JpdeDcPVE_cclib.c', ...
'-silent', ...
'-largeArrayDims', ...
'-f', ...
'C:\Users\Venqo\AppData\Roaming\MathWorks\MATLAB\R2018b\mex_C_win64.xml', ...
'CMDLINE300=', ...
'LDEXT=".dll"', ...
'LINKEXPORT=', ...
'LINKEXPORTVER=', ...
'-Ie:\program files\matlab\r2018b\extern\include', ...
'-Ie:\program files\matlab\r2018b\simulink\include', ...
'-Ic:\users\venqo\desktop\speedgoat\applications\trike_git\trike_speedgoat_algo\slprj\_slcc\rntcwiqhsbmk0jpdedcpve', ...
'-Ic:\users\venqo\desktop\speedgoat\applications\trike_git\trike_speedgoat_algo', ...
'COMPFLAGS=$COMPFLAGS ');
mex(...
'slcc_instrum1_RntCWIQhSBMk0JpdeDcPVE_cclib.obj', ...
'slcc_instrum2_RntCWIQhSBMk0JpdeDcPVE_cclib.obj', ...
'slcc_interface_RntCWIQhSBMk0JpdeDcPVE.obj', ...
'slcc_instrum3_RntCWIQhSBMk0JpdeDcPVE_cclib.obj', ...
'slcc_instrumtr_RntCWIQhSBMk0JpdeDcPVE_cclib.obj', ...
'-silent', ...
'-largeArrayDims', ...
'-f', ...
'C:\Users\Venqo\AppData\Roaming\MathWorks\MATLAB\R2018b\mex_C_win64.xml', ...
'CMDLINE300=', ...
'LDEXT=".dll"', ...
'LINKEXPORT=', ...
'LINKEXPORTVER=', ...
'-Ie:\program files\matlab\r2018b\extern\include', ...
'-Ie:\program files\matlab\r2018b\simulink\include', ...
'-Ic:\users\venqo\desktop\speedgoat\applications\trike_git\trike_speedgoat_algo\slprj\_slcc\rntcwiqhsbmk0jpdedcpve', ...
'-Ic:\users\venqo\desktop\speedgoat\applications\trike_git\trike_speedgoat_algo', ...
'COMPFLAGS=$COMPFLAGS ', ...
'LINKFLAGS=$LINKFLAGS /IMPLIB:RntCWIQhSBMk0JpdeDcPVE_cclib.lib /DEF:RntCWIQhSBMk0JpdeDcPVE_cclib.def /LIBPATH:"E:\Program Files\MATLAB\R2018b\extern\lib\win64\microsoft" libmwsl_sfcn_cov_bridge.lib  "E:\Program Files\MATLAB\R2018b\extern\lib\win64\microsoft\libmwsl_sfcn_cov_bridge.lib" ', ...
'-output', ...
'RntCWIQhSBMk0JpdeDcPVE_cclib');
