mex(...
'-c', ...
'C:\Users\Venqo\Desktop\SpeedGoat\Applications\Trike_git\Trike_SpeedGoat_algo\slprj\_slcc\ib2slzC4BPSVN9k9boIaXB\slcc_instrum1_ib2slzC4BPSVN9k9boIaXB_cclib.c', ...
'C:\Users\Venqo\Desktop\SpeedGoat\Applications\Trike_git\Trike_SpeedGoat_algo\slprj\_slcc\ib2slzC4BPSVN9k9boIaXB\slcc_interface_ib2slzC4BPSVN9k9boIaXB.c', ...
'C:\Users\Venqo\Desktop\SpeedGoat\Applications\Trike_git\Trike_SpeedGoat_algo\slprj\_slcc\ib2slzC4BPSVN9k9boIaXB\slcc_instrum2_ib2slzC4BPSVN9k9boIaXB_cclib.c', ...
'C:\Users\Venqo\Desktop\SpeedGoat\Applications\Trike_git\Trike_SpeedGoat_algo\slprj\_slcc\ib2slzC4BPSVN9k9boIaXB\slcc_instrumtr_ib2slzC4BPSVN9k9boIaXB_cclib.c', ...
'-silent', ...
'-largeArrayDims', ...
'-f', ...
'C:\Users\Venqo\AppData\Roaming\MathWorks\MATLAB\R2018b\mex_C_win64.xml', ...
'CMDLINE300=', ...
'LDEXT=".dll"', ...
'LINKEXPORT=', ...
'LINKEXPORTVER=', ...
'-Ie:\program files\matlab\r2018b\extern\include', ...
'-Ie:\program files\matlab\r2018b\simulink\include', ...
'-Ic:\users\venqo\desktop\speedgoat\applications\trike_git\trike_speedgoat_algo\slprj\_slcc\ib2slzc4bpsvn9k9boiaxb', ...
'-Ic:\users\venqo\desktop\speedgoat\applications\trike_git\trike_speedgoat_algo', ...
'COMPFLAGS=$COMPFLAGS ');
mex(...
'slcc_instrum1_ib2slzC4BPSVN9k9boIaXB_cclib.obj', ...
'slcc_interface_ib2slzC4BPSVN9k9boIaXB.obj', ...
'slcc_instrum2_ib2slzC4BPSVN9k9boIaXB_cclib.obj', ...
'slcc_instrumtr_ib2slzC4BPSVN9k9boIaXB_cclib.obj', ...
'-silent', ...
'-largeArrayDims', ...
'-f', ...
'C:\Users\Venqo\AppData\Roaming\MathWorks\MATLAB\R2018b\mex_C_win64.xml', ...
'CMDLINE300=', ...
'LDEXT=".dll"', ...
'LINKEXPORT=', ...
'LINKEXPORTVER=', ...
'-Ie:\program files\matlab\r2018b\extern\include', ...
'-Ie:\program files\matlab\r2018b\simulink\include', ...
'-Ic:\users\venqo\desktop\speedgoat\applications\trike_git\trike_speedgoat_algo\slprj\_slcc\ib2slzc4bpsvn9k9boiaxb', ...
'-Ic:\users\venqo\desktop\speedgoat\applications\trike_git\trike_speedgoat_algo', ...
'COMPFLAGS=$COMPFLAGS ', ...
'LINKFLAGS=$LINKFLAGS /IMPLIB:ib2slzC4BPSVN9k9boIaXB_cclib.lib /DEF:ib2slzC4BPSVN9k9boIaXB_cclib.def /LIBPATH:"E:\Program Files\MATLAB\R2018b\extern\lib\win64\microsoft" libmwsl_sfcn_cov_bridge.lib  "E:\Program Files\MATLAB\R2018b\extern\lib\win64\microsoft\libmwsl_sfcn_cov_bridge.lib" ', ...
'-output', ...
'ib2slzC4BPSVN9k9boIaXB_cclib');
